<?xml version="1.0" encoding="UTF-8"?>
<testsuite xmlns:xsi="http://www.w3.org/2001/XMLSchema-instance" xsi:noNamespaceSchemaLocation="https://maven.apache.org/surefire/maven-surefire-plugin/xsd/surefire-test-report-3.0.xsd" version="3.0" name="com.giaolang.util.mathutil.core.MathUtilDDTTest" time="0.103" tests="7" errors="0" skipped="0" failures="0">
  <properties>
[...]
</properties>
  <testcase name="testFactorialGivenRightArgsRunWell(int, long)[1]" classname="com.giaolang.util.mathutil.core.MathUtilDDTTest" time="0.026"/>
  <testcase name="testFactorialGivenRightArgsRunWell(int, long)[2]" classname="com.giaolang.util.mathutil.core.MathUtilDDTTest" time="0.001"/>
  <testcase name="testFactorialGivenRightArgsRunWell(int, long)[3]" classname="com.giaolang.util.mathutil.core.MathUtilDDTTest" time="0.0"/>
  <testcase name="testFactorialGivenRightArgsRunWell(int, long)[4]" classname="com.giaolang.util.mathutil.core.MathUtilDDTTest" time="0.001"/>
  <testcase name="testFactorialGivenRightArgsRunWell(int, long)[5]" classname="com.giaolang.util.mathutil.core.MathUtilDDTTest" time="0.0"/>
  <testcase name="testFactorialGivenRightArgsRunWell(int, long)[6]" classname="com.giaolang.util.mathutil.core.MathUtilDDTTest" time="0.001"/>
  <testcase name="testFactorialGivenRightArgsRunWell(int, long)[7]" classname="com.giaolang.util.mathutil.core.MathUtilDDTTest" time="0.0"/>
</testsuite>